# JRE version: Java(TM) SE Runtime Environment 18.9 (11.0.14+8) (build 11.0.14+8-LTS-263)
# Java VM: Java HotSpot(TM) 64-Bit Server VM 18.9 (11.0.14+8-LTS-263, mixed mode, tiered, compressed oops, g1 gc, windows-amd64)
Heap:
 garbage-first heap   total 691200K, used 158720K [0x0000000081600000, 0x0000000100000000)
  region size 1024K, 37 young (37888K), 37 survivors (37888K)
 Metaspace       used 30057K, capacity 30834K, committed 31152K, reserved 1077248K
  class space    used 3139K, capacity 3467K, committed 3584K, reserved 1048576K
GC Heap History (10 events):
Event: 15.056 GC heap after
{Heap after GC invocations=22 (full 0):
 garbage-first heap   total 570368K, used 94470K [0x0000000081600000, 0x0000000100000000)
  region size 1024K, 16 young (16384K), 16 survivors (16384K)
 Metaspace       used 25272K, capacity 25749K, committed 26032K, reserved 1073152K
  class space    used 2531K, capacity 2715K, committed 2816K, reserved 1048576K
}
Event: 15.899 GC heap before
{Heap before GC invocations=22 (full 0):
 garbage-first heap   total 570368K, used 335110K [0x0000000081600000, 0x0000000100000000)
  region size 1024K, 252 young (258048K), 16 survivors (16384K)
 Metaspace       used 25272K, capacity 25749K, committed 26032K, reserved 1073152K
  class space    used 2531K, capacity 2715K, committed 2816K, reserved 1048576K
}
Event: 15.949 GC heap after
{Heap after GC invocations=23 (full 0):
 garbage-first heap   total 570368K, used 106758K [0x0000000081600000, 0x0000000100000000)
  region size 1024K, 28 young (28672K), 28 survivors (28672K)
 Metaspace       used 25272K, capacity 25749K, committed 26032K, reserved 1073152K
  class space    used 2531K, capacity 2715K, committed 2816K, reserved 1048576K
}
Event: 16.363 GC heap before
{Heap before GC invocations=23 (full 0):
 garbage-first heap   total 570368K, used 399622K [0x0000000081600000, 0x0000000100000000)
  region size 1024K, 315 young (322560K), 28 survivors (28672K)
 Metaspace       used 25272K, capacity 25749K, committed 26032K, reserved 1073152K
  class space    used 2531K, capacity 2715K, committed 2816K, reserved 1048576K
}
Event: 16.386 GC heap after
{Heap after GC invocations=24 (full 0):
 garbage-first heap   total 570368K, used 119598K [0x0000000081600000, 0x0000000100000000)
  region size 1024K, 33 young (33792K), 33 survivors (33792K)
 Metaspace       used 25272K, capacity 25749K, committed 26032K, reserved 1073152K
  class space    used 2531K, capacity 2715K, committed 2816K, reserved 1048576K
}
Event: 16.744 GC heap before
{Heap before GC invocations=24 (full 0):
 garbage-first heap   total 570368K, used 427822K [0x0000000081600000, 0x0000000100000000)
  region size 1024K, 334 young (342016K), 33 survivors (33792K)
 Metaspace       used 25272K, capacity 25749K, committed 26032K, reserved 1073152K
  class space    used 2531K, capacity 2715K, committed 2816K, reserved 1048576K
}
Event: 16.768 GC heap after
{Heap after GC invocations=25 (full 0):
 garbage-first heap   total 570368K, used 129961K [0x0000000081600000, 0x0000000100000000)
  region size 1024K, 23 young (23552K), 23 survivors (23552K)
 Metaspace       used 25272K, capacity 25749K, committed 26032K, reserved 1073152K
  class space    used 2531K, capacity 2715K, committed 2816K, reserved 1048576K
}
Event: 18.275 GC heap before
{Heap before GC invocations=25 (full 0):
 garbage-first heap   total 570368K, used 445353K [0x0000000081600000, 0x0000000100000000)
  region size 1024K, 332 young (339968K), 23 survivors (23552K)
 Metaspace       used 25282K, capacity 25749K, committed 26032K, reserved 1073152K
  class space    used 2531K, capacity 2715K, committed 2816K, reserved 1048576K
}
Event: 18.313 GC heap after
{Heap after GC invocations=26 (full 0):
 garbage-first heap   total 570368K, used 141312K [0x0000000081600000, 0x0000000100000000)
  region size 1024K, 21 young (21504K), 21 survivors (21504K)
 Metaspace       used 25282K, capacity 25749K, committed 26032K, reserved 1073152K
  class space    used 2531K, capacity 2715K, committed 2816K, reserved 1048576K
}
Event: 19.776 GC heap before
{Heap before GC invocations=26 (full 0):
 garbage-first heap   total 570368K, used 462848K [0x0000000081600000, 0x0000000100000000)
  region size 1024K, 334 young (342016K), 21 survivors (21504K)
 Metaspace       used 30057K, capacity 30834K, committed 31152K, reserved 1077248K
  class space    used 3139K, capacity 3467K, committed 3584K, reserved 1048576K
}

