# JRE version: Java(TM) SE Runtime Environment 18.9 (11.0.14+8) (build 11.0.14+8-LTS-263)
# Java VM: Java HotSpot(TM) 64-Bit Server VM 18.9 (11.0.14+8-LTS-263, mixed mode, tiered, compressed oops, g1 gc, windows-amd64)
Heap:
 garbage-first heap   total 261120K, used 66127K [0x0000000081600000, 0x0000000100000000)
  region size 1024K, 8 young (8192K), 8 survivors (8192K)
 Metaspace       used 25323K, capacity 25813K, committed 26032K, reserved 1073152K
  class space    used 2531K, capacity 2715K, committed 2816K, reserved 1048576K
GC Heap History (10 events):
Event: 11.690 GC heap after
{Heap after GC invocations=13 (full 0):
 garbage-first heap   total 131072K, used 49178K [0x0000000081600000, 0x0000000100000000)
  region size 1024K, 5 young (5120K), 5 survivors (5120K)
 Metaspace       used 25308K, capacity 25749K, committed 26032K, reserved 1073152K
  class space    used 2531K, capacity 2715K, committed 2816K, reserved 1048576K
}
Event: 11.894 GC heap before
{Heap before GC invocations=13 (full 0):
 garbage-first heap   total 131072K, used 104474K [0x0000000081600000, 0x0000000100000000)
  region size 1024K, 60 young (61440K), 5 survivors (5120K)
 Metaspace       used 25308K, capacity 25749K, committed 26032K, reserved 1073152K
  class space    used 2531K, capacity 2715K, committed 2816K, reserved 1048576K
}
Event: 11.901 GC heap after
{Heap after GC invocations=14 (full 0):
 garbage-first heap   total 157696K, used 51918K [0x0000000081600000, 0x0000000100000000)
  region size 1024K, 7 young (7168K), 7 survivors (7168K)
 Metaspace       used 25308K, capacity 25749K, committed 26032K, reserved 1073152K
  class space    used 2531K, capacity 2715K, committed 2816K, reserved 1048576K
}
Event: 12.124 GC heap before
{Heap before GC invocations=14 (full 0):
 garbage-first heap   total 157696K, used 118478K [0x0000000081600000, 0x0000000100000000)
  region size 1024K, 73 young (74752K), 7 survivors (7168K)
 Metaspace       used 25319K, capacity 25813K, committed 26032K, reserved 1073152K
  class space    used 2531K, capacity 2715K, committed 2816K, reserved 1048576K
}
Event: 12.131 GC heap after
{Heap after GC invocations=15 (full 0):
 garbage-first heap   total 157696K, used 55805K [0x0000000081600000, 0x0000000100000000)
  region size 1024K, 8 young (8192K), 8 survivors (8192K)
 Metaspace       used 25319K, capacity 25813K, committed 26032K, reserved 1073152K
  class space    used 2531K, capacity 2715K, committed 2816K, reserved 1048576K
}
Event: 12.251 GC heap before
{Heap before GC invocations=15 (full 0):
 garbage-first heap   total 157696K, used 121341K [0x0000000081600000, 0x0000000100000000)
  region size 1024K, 73 young (74752K), 8 survivors (8192K)
 Metaspace       used 25323K, capacity 25813K, committed 26032K, reserved 1073152K
  class space    used 2531K, capacity 2715K, committed 2816K, reserved 1048576K
}
Event: 12.257 GC heap after
{Heap after GC invocations=16 (full 0):
 garbage-first heap   total 157696K, used 58472K [0x0000000081600000, 0x0000000100000000)
  region size 1024K, 7 young (7168K), 7 survivors (7168K)
 Metaspace       used 25323K, capacity 25813K, committed 26032K, reserved 1073152K
  class space    used 2531K, capacity 2715K, committed 2816K, reserved 1048576K
}
Event: 12.344 GC heap before
{Heap before GC invocations=16 (full 0):
 garbage-first heap   total 157696K, used 124008K [0x0000000081600000, 0x0000000100000000)
  region size 1024K, 72 young (73728K), 7 survivors (7168K)
 Metaspace       used 25323K, capacity 25813K, committed 26032K, reserved 1073152K
  class space    used 2531K, capacity 2715K, committed 2816K, reserved 1048576K
}
Event: 12.350 GC heap after
{Heap after GC invocations=17 (full 0):
 garbage-first heap   total 157696K, used 61954K [0x0000000081600000, 0x0000000100000000)
  region size 1024K, 6 young (6144K), 6 survivors (6144K)
 Metaspace       used 25323K, capacity 25813K, committed 26032K, reserved 1073152K
  class space    used 2531K, capacity 2715K, committed 2816K, reserved 1048576K
}
Event: 12.437 GC heap before
{Heap before GC invocations=17 (full 0):
 garbage-first heap   total 157696K, used 126466K [0x0000000081600000, 0x0000000100000000)
  region size 1024K, 70 young (71680K), 6 survivors (6144K)
 Metaspace       used 25323K, capacity 25813K, committed 26032K, reserved 1073152K
  class space    used 2531K, capacity 2715K, committed 2816K, reserved 1048576K
}

